<?xml version="1.0" encoding="UTF-8"?>
<!-- Generated by org.testng.reporters.JUnitReportReporter -->
<testsuite hostname="LAPTOP-5H6EVB33" name="testngtesting.testngpractice" tests="2" failures="0" timestamp="8 Jan 2020 14:20:05 GMT" time="0.013" errors="0">
  <testcase name="testcase2" time="0.003" classname="testngtesting.testngpractice"/>
  <testcase name="testcase1" time="0.010" classname="testngtesting.testngpractice"/>
</testsuite> <!-- testngtesting.testngpractice -->
